/Users/benjaminpommeraud/Library/Python/3.9/lib/python/site-packages/urllib3/__init__.py:35: NotOpenSSLWarning: urllib3 v2 only supports OpenSSL 1.1.1+, currently the 'ssl' module is compiled with 'LibreSSL 2.8.3'. See: https://github.com/urllib3/urllib3/issues/3020
  warnings.warn(
WebSocket disconnected: sent 1011 (internal error) keepalive ping timeout; no close frame received. Reconnecting in 1.0s
WebSocket disconnected: sent 1011 (internal error) keepalive ping timeout; no close frame received. Reconnecting in 1.1s
WebSocket disconnected: sent 1011 (internal error) keepalive ping timeout; no close frame received. Reconnecting in 1.0s
WebSocket disconnected: sent 1011 (internal error) keepalive ping timeout; no close frame received. Reconnecting in 1.0s
WebSocket disconnected: no close frame received or sent. Reconnecting in 1.0s
WebSocket disconnected: sent 1011 (internal error) keepalive ping timeout; no close frame received. Reconnecting in 1.0s
WebSocket disconnected: sent 1011 (internal error) keepalive ping timeout; no close frame received. Reconnecting in 1.0s
WebSocket disconnected: no close frame received or sent. Reconnecting in 1.0s
WebSocket disconnected: sent 1011 (internal error) keepalive ping timeout; no close frame received. Reconnecting in 1.1s
Cascade scan error: ('Connection aborted.', TimeoutError(60, 'Operation timed out'))
Traceback (most recent call last):
  File "/Users/benjaminpommeraud/Library/Python/3.9/lib/python/site-packages/urllib3/connectionpool.py", line 787, in urlopen
    response = self._make_request(
  File "/Users/benjaminpommeraud/Library/Python/3.9/lib/python/site-packages/urllib3/connectionpool.py", line 488, in _make_request
    raise new_e
  File "/Users/benjaminpommeraud/Library/Python/3.9/lib/python/site-packages/urllib3/connectionpool.py", line 464, in _make_request
    self._validate_conn(conn)
  File "/Users/benjaminpommeraud/Library/Python/3.9/lib/python/site-packages/urllib3/connectionpool.py", line 1093, in _validate_conn
    conn.connect()
  File "/Users/benjaminpommeraud/Library/Python/3.9/lib/python/site-packages/urllib3/connection.py", line 796, in connect
    sock_and_verified = _ssl_wrap_socket_and_match_hostname(
  File "/Users/benjaminpommeraud/Library/Python/3.9/lib/python/site-packages/urllib3/connection.py", line 975, in _ssl_wrap_socket_and_match_hostname
    ssl_sock = ssl_wrap_socket(
  File "/Users/benjaminpommeraud/Library/Python/3.9/lib/python/site-packages/urllib3/util/ssl_.py", line 483, in ssl_wrap_socket
    ssl_sock = _ssl_wrap_socket_impl(sock, context, tls_in_tls, server_hostname)
  File "/Users/benjaminpommeraud/Library/Python/3.9/lib/python/site-packages/urllib3/util/ssl_.py", line 527, in _ssl_wrap_socket_impl
    return ssl_context.wrap_socket(sock, server_hostname=server_hostname)
  File "/Applications/Xcode.app/Contents/Developer/Library/Frameworks/Python3.framework/Versions/3.9/lib/python3.9/ssl.py", line 500, in wrap_socket
    return self.sslsocket_class._create(
  File "/Applications/Xcode.app/Contents/Developer/Library/Frameworks/Python3.framework/Versions/3.9/lib/python3.9/ssl.py", line 1040, in _create
    self.do_handshake()
  File "/Applications/Xcode.app/Contents/Developer/Library/Frameworks/Python3.framework/Versions/3.9/lib/python3.9/ssl.py", line 1309, in do_handshake
    self._sslobj.do_handshake()
TimeoutError: [Errno 60] Operation timed out

During handling of the above exception, another exception occurred:

Traceback (most recent call last):
  File "/Users/benjaminpommeraud/Library/Python/3.9/lib/python/site-packages/requests/adapters.py", line 644, in send
    resp = conn.urlopen(
  File "/Users/benjaminpommeraud/Library/Python/3.9/lib/python/site-packages/urllib3/connectionpool.py", line 841, in urlopen
    retries = retries.increment(
  File "/Users/benjaminpommeraud/Library/Python/3.9/lib/python/site-packages/urllib3/util/retry.py", line 490, in increment
    raise reraise(type(error), error, _stacktrace)
  File "/Users/benjaminpommeraud/Library/Python/3.9/lib/python/site-packages/urllib3/util/util.py", line 38, in reraise
    raise value.with_traceback(tb)
  File "/Users/benjaminpommeraud/Library/Python/3.9/lib/python/site-packages/urllib3/connectionpool.py", line 787, in urlopen
    response = self._make_request(
  File "/Users/benjaminpommeraud/Library/Python/3.9/lib/python/site-packages/urllib3/connectionpool.py", line 488, in _make_request
    raise new_e
  File "/Users/benjaminpommeraud/Library/Python/3.9/lib/python/site-packages/urllib3/connectionpool.py", line 464, in _make_request
    self._validate_conn(conn)
  File "/Users/benjaminpommeraud/Library/Python/3.9/lib/python/site-packages/urllib3/connectionpool.py", line 1093, in _validate_conn
    conn.connect()
  File "/Users/benjaminpommeraud/Library/Python/3.9/lib/python/site-packages/urllib3/connection.py", line 796, in connect
    sock_and_verified = _ssl_wrap_socket_and_match_hostname(
  File "/Users/benjaminpommeraud/Library/Python/3.9/lib/python/site-packages/urllib3/connection.py", line 975, in _ssl_wrap_socket_and_match_hostname
    ssl_sock = ssl_wrap_socket(
  File "/Users/benjaminpommeraud/Library/Python/3.9/lib/python/site-packages/urllib3/util/ssl_.py", line 483, in ssl_wrap_socket
    ssl_sock = _ssl_wrap_socket_impl(sock, context, tls_in_tls, server_hostname)
  File "/Users/benjaminpommeraud/Library/Python/3.9/lib/python/site-packages/urllib3/util/ssl_.py", line 527, in _ssl_wrap_socket_impl
    return ssl_context.wrap_socket(sock, server_hostname=server_hostname)
  File "/Applications/Xcode.app/Contents/Developer/Library/Frameworks/Python3.framework/Versions/3.9/lib/python3.9/ssl.py", line 500, in wrap_socket
    return self.sslsocket_class._create(
  File "/Applications/Xcode.app/Contents/Developer/Library/Frameworks/Python3.framework/Versions/3.9/lib/python3.9/ssl.py", line 1040, in _create
    self.do_handshake()
  File "/Applications/Xcode.app/Contents/Developer/Library/Frameworks/Python3.framework/Versions/3.9/lib/python3.9/ssl.py", line 1309, in do_handshake
    self._sslobj.do_handshake()
urllib3.exceptions.ProtocolError: ('Connection aborted.', TimeoutError(60, 'Operation timed out'))

During handling of the above exception, another exception occurred:

Traceback (most recent call last):
  File "/Users/benjaminpommeraud/Desktop/Coding/Arbitrage/funding/portfolios/cascade_alpha/engine.py", line 165, in _scan_loop
    await self._run_scan_cycle()
  File "/Users/benjaminpommeraud/Desktop/Coding/Arbitrage/funding/portfolios/cascade_alpha/engine.py", line 208, in _run_scan_cycle
    order_book = await self._futures_client.get_order_book(symbol, limit=20)
  File "/Users/benjaminpommeraud/Desktop/Coding/Arbitrage/funding/data/binance_futures_client.py", line 269, in get_order_book
    "position_amt": _to_decimal(pos.get("positionAmt", "0")),
  File "/Applications/Xcode.app/Contents/Developer/Library/Frameworks/Python3.framework/Versions/3.9/lib/python3.9/asyncio/threads.py", line 25, in to_thread
    return await loop.run_in_executor(None, func_call)
  File "/Applications/Xcode.app/Contents/Developer/Library/Frameworks/Python3.framework/Versions/3.9/lib/python3.9/concurrent/futures/thread.py", line 52, in run
    result = self.fn(*self.args, **self.kwargs)
  File "/Users/benjaminpommeraud/Desktop/Coding/Arbitrage/funding/data/binance_futures_client.py", line 267, in _call
    {
  File "/Users/benjaminpommeraud/Library/Python/3.9/lib/python/site-packages/binance/um_futures/market.py", line 65, in depth
    return self.query("/fapi/v1/depth", params)
  File "/Users/benjaminpommeraud/Library/Python/3.9/lib/python/site-packages/binance/api.py", line 80, in query
    return self.send_request("GET", url_path, payload=payload)
  File "/Users/benjaminpommeraud/Library/Python/3.9/lib/python/site-packages/binance/api.py", line 127, in send_request
    response = self._dispatch_request(http_method)(**params)
  File "/Users/benjaminpommeraud/Library/Python/3.9/lib/python/site-packages/requests/sessions.py", line 602, in get
    return self.request("GET", url, **kwargs)
  File "/Users/benjaminpommeraud/Library/Python/3.9/lib/python/site-packages/requests/sessions.py", line 589, in request
    resp = self.send(prep, **send_kwargs)
  File "/Users/benjaminpommeraud/Library/Python/3.9/lib/python/site-packages/requests/sessions.py", line 703, in send
    r = adapter.send(request, **kwargs)
  File "/Users/benjaminpommeraud/Library/Python/3.9/lib/python/site-packages/requests/adapters.py", line 659, in send
    raise ConnectionError(err, request=request)
requests.exceptions.ConnectionError: ('Connection aborted.', TimeoutError(60, 'Operation timed out'))
WebSocket disconnected: sent 1011 (internal error) keepalive ping timeout; no close frame received. Reconnecting in 1.0s
AggTradeStream reconnecting in 1.1s after error: sent 1011 (internal error) keepalive ping timeout; no close frame received
WebSocket disconnected: no close frame received or sent. Reconnecting in 1.1s
WebSocket disconnected: sent 1011 (internal error) keepalive ping timeout; no close frame received. Reconnecting in 1.0s
WebSocket disconnected: sent 1011 (internal error) keepalive ping timeout; no close frame received. Reconnecting in 1.0s
WebSocket disconnected: sent 1011 (internal error) keepalive ping timeout; no close frame received. Reconnecting in 1.0s
