/Users/benjaminpommeraud/Library/Python/3.9/lib/python/site-packages/urllib3/__init__.py:35: NotOpenSSLWarning: urllib3 v2 only supports OpenSSL 1.1.1+, currently the 'ssl' module is compiled with 'LibreSSL 2.8.3'. See: https://github.com/urllib3/urllib3/issues/3020
  warnings.warn(
Could not load contrarian selector model: Model file not found: data/funding_models/contrarian_xgb/contrarian_xgb_clf.pkl. Run train() and save() before calling load().
Long/short ratio file not found: data/funding_history/long_short_ratio/XNYUSDT.csv
Long/short ratio file not found: data/funding_history/long_short_ratio/ZRCUSDT.csv
Long/short ratio file not found: data/funding_history/long_short_ratio/HUMAUSDT.csv
Long/short ratio file not found: data/funding_history/long_short_ratio/PONKEUSDT.csv
Long/short ratio file not found: data/funding_history/long_short_ratio/EPTUSDT.csv
Long/short ratio file not found: data/funding_history/long_short_ratio/RIVERUSDT.csv
Long/short ratio file not found: data/funding_history/long_short_ratio/BTCUSDC.csv
Long/short ratio file not found: data/funding_history/long_short_ratio/BNBUSDC.csv
Long/short ratio file not found: data/funding_history/long_short_ratio/TOKENUSDT.csv
Long/short ratio file not found: data/funding_history/long_short_ratio/CYSUSDT.csv
Long/short ratio file not found: data/funding_history/long_short_ratio/PORT3USDT.csv
Long/short ratio file not found: data/funding_history/long_short_ratio/TRIAUSDT.csv
Long/short ratio file not found: data/funding_history/long_short_ratio/COLLECTUSDT.csv
Long/short ratio file not found: data/funding_history/long_short_ratio/DEGOUSDT.csv
Long/short ratio file not found: data/funding_history/long_short_ratio/ARIAUSDT.csv
Long/short ratio file not found: data/funding_history/long_short_ratio/CUDISUSDT.csv
Long/short ratio file not found: data/funding_history/long_short_ratio/REIUSDT.csv
Long/short ratio file not found: data/funding_history/long_short_ratio/1000XUSDT.csv
Long/short ratio file not found: data/funding_history/long_short_ratio/VOXELUSDT.csv
Long/short ratio file not found: data/funding_history/long_short_ratio/PLAYUSDT.csv
Could not cancel open orders for PIXELUSDT: 'UMFutures' object has no attribute 'cancel_all_open_orders' — manual cleanup may be required
set_margin_type(ICXUSDT, ISOLATED) raised: (400, -4046, 'No need to change margin type.', {'Date': 'Wed, 11 Mar 2026 07:56:26 GMT', 'Content-Type': 'application/json', 'Content-Length': '53', 'Connection': 'keep-alive', 'Server': 'Bengine', 'x-mbx-used-weight-1m': '114', 'x-response-time': '5ms', 'Access-Control-Allow-Origin': '*', 'Access-Control-Allow-Methods': 'GET, POST, PUT, DELETE, OPTIONS'}, None) — continuing
Failed to place stop-loss for ICXUSDT (SL=0.04153500): (400, -4120, 'Order type not supported for this endpoint. Please use the Algo Order API endpoints instead.', {'Date': 'Wed, 11 Mar 2026 07:56:27 GMT', 'Content-Type': 'application/json', 'Content-Length': '115', 'Connection': 'keep-alive', 'Server': 'Bengine', 'x-mbx-used-weight-1m': '-1', 'x-mbx-order-count-10s': '2', 'x-mbx-order-count-1m': '2', 'x-response-time': '6ms', 'Access-Control-Allow-Origin': '*', 'Access-Control-Allow-Methods': 'GET, POST, PUT, DELETE, OPTIONS'}, None) — position is OPEN without SL; retry required
Failed to place take-profit for ICXUSDT (TP=0.04526250): (400, -4120, 'Order type not supported for this endpoint. Please use the Algo Order API endpoints instead.', {'Date': 'Wed, 11 Mar 2026 07:56:27 GMT', 'Content-Type': 'application/json', 'Content-Length': '115', 'Connection': 'keep-alive', 'Server': 'Bengine', 'x-mbx-used-weight-1m': '-1', 'x-mbx-order-count-10s': '3', 'x-mbx-order-count-1m': '3', 'x-response-time': '0ms', 'Access-Control-Allow-Origin': '*', 'Access-Control-Allow-Methods': 'GET, POST, PUT, DELETE, OPTIONS'}, None) — position is OPEN without TP; retry required
Could not cancel open orders for SLERFUSDT: 'UMFutures' object has no attribute 'cancel_all_open_orders' — manual cleanup may be required
set_margin_type(ICXUSDT, ISOLATED) raised: (400, -4046, 'No need to change margin type.', {'Date': 'Wed, 11 Mar 2026 08:01:16 GMT', 'Content-Type': 'application/json', 'Content-Length': '53', 'Connection': 'keep-alive', 'Server': 'Bengine', 'x-mbx-used-weight-1m': '33', 'x-response-time': '1ms', 'Access-Control-Allow-Origin': '*', 'Access-Control-Allow-Methods': 'GET, POST, PUT, DELETE, OPTIONS'}, None) — continuing
Failed to place stop-loss for ICXUSDT (SL=0.04082850): (400, -4120, 'Order type not supported for this endpoint. Please use the Algo Order API endpoints instead.', {'Date': 'Wed, 11 Mar 2026 08:01:18 GMT', 'Content-Type': 'application/json', 'Content-Length': '115', 'Connection': 'keep-alive', 'Server': 'Bengine', 'x-mbx-used-weight-1m': '-1', 'x-mbx-order-count-10s': '2', 'x-mbx-order-count-1m': '2', 'x-response-time': '0ms', 'Access-Control-Allow-Origin': '*', 'Access-Control-Allow-Methods': 'GET, POST, PUT, DELETE, OPTIONS'}, None) — position is OPEN without SL; retry required
Failed to place take-profit for ICXUSDT (TP=0.04449258): (400, -4120, 'Order type not supported for this endpoint. Please use the Algo Order API endpoints instead.', {'Date': 'Wed, 11 Mar 2026 08:01:18 GMT', 'Content-Type': 'application/json', 'Content-Length': '115', 'Connection': 'keep-alive', 'Server': 'Bengine', 'x-mbx-used-weight-1m': '-1', 'x-mbx-order-count-10s': '3', 'x-mbx-order-count-1m': '3', 'x-response-time': '0ms', 'Access-Control-Allow-Origin': '*', 'Access-Control-Allow-Methods': 'GET, POST, PUT, DELETE, OPTIONS'}, None) — position is OPEN without TP; retry required
WebSocket disconnected: sent 1011 (internal error) keepalive ping timeout; no close frame received. Reconnecting in 1.0s
Could not cancel open orders for ICXUSDT: 'UMFutures' object has no attribute 'cancel_all_open_orders' — manual cleanup may be required
set_margin_type(ICXUSDT, ISOLATED) raised: (400, -4046, 'No need to change margin type.', {'Date': 'Wed, 11 Mar 2026 08:12:59 GMT', 'Content-Type': 'application/json', 'Content-Length': '53', 'Connection': 'keep-alive', 'Server': 'Bengine', 'x-mbx-used-weight-1m': '146', 'x-response-time': '1ms', 'Access-Control-Allow-Origin': '*', 'Access-Control-Allow-Methods': 'GET, POST, PUT, DELETE, OPTIONS'}, None) — continuing
Failed to place stop-loss for ICXUSDT (SL=0.03999092): (400, -4120, 'Order type not supported for this endpoint. Please use the Algo Order API endpoints instead.', {'Date': 'Wed, 11 Mar 2026 08:13:00 GMT', 'Content-Type': 'application/json', 'Content-Length': '115', 'Connection': 'keep-alive', 'Server': 'Bengine', 'x-mbx-used-weight-1m': '-1', 'x-mbx-order-count-10s': '1', 'x-mbx-order-count-1m': '1', 'x-response-time': '0ms', 'Access-Control-Allow-Origin': '*', 'Access-Control-Allow-Methods': 'GET, POST, PUT, DELETE, OPTIONS'}, None) — position is OPEN without SL; retry required
Failed to place take-profit for ICXUSDT (TP=0.04357986): (400, -4120, 'Order type not supported for this endpoint. Please use the Algo Order API endpoints instead.', {'Date': 'Wed, 11 Mar 2026 08:13:00 GMT', 'Content-Type': 'application/json', 'Content-Length': '115', 'Connection': 'keep-alive', 'Server': 'Bengine', 'x-mbx-used-weight-1m': '-1', 'x-mbx-order-count-10s': '2', 'x-mbx-order-count-1m': '2', 'x-response-time': '0ms', 'Access-Control-Allow-Origin': '*', 'Access-Control-Allow-Methods': 'GET, POST, PUT, DELETE, OPTIONS'}, None) — position is OPEN without TP; retry required
Could not cancel open orders for ICXUSDT: 'UMFutures' object has no attribute 'cancel_all_open_orders' — manual cleanup may be required
set_margin_type(ICXUSDT, ISOLATED) raised: (400, -4046, 'No need to change margin type.', {'Date': 'Wed, 11 Mar 2026 08:13:33 GMT', 'Content-Type': 'application/json', 'Content-Length': '53', 'Connection': 'keep-alive', 'Server': 'Bengine', 'x-mbx-used-weight-1m': '82', 'x-response-time': '1ms', 'Access-Control-Allow-Origin': '*', 'Access-Control-Allow-Methods': 'GET, POST, PUT, DELETE, OPTIONS'}, None) — continuing
Failed to place stop-loss for ICXUSDT (SL=0.03997500): (400, -4120, 'Order type not supported for this endpoint. Please use the Algo Order API endpoints instead.', {'Date': 'Wed, 11 Mar 2026 08:13:34 GMT', 'Content-Type': 'application/json', 'Content-Length': '115', 'Connection': 'keep-alive', 'Server': 'Bengine', 'x-mbx-used-weight-1m': '-1', 'x-mbx-order-count-10s': '2', 'x-mbx-order-count-1m': '5', 'x-response-time': '0ms', 'Access-Control-Allow-Origin': '*', 'Access-Control-Allow-Methods': 'GET, POST, PUT, DELETE, OPTIONS'}, None) — position is OPEN without SL; retry required
Failed to place take-profit for ICXUSDT (TP=0.04356250): (400, -4120, 'Order type not supported for this endpoint. Please use the Algo Order API endpoints instead.', {'Date': 'Wed, 11 Mar 2026 08:13:35 GMT', 'Content-Type': 'application/json', 'Content-Length': '115', 'Connection': 'keep-alive', 'Server': 'Bengine', 'x-mbx-used-weight-1m': '-1', 'x-mbx-order-count-10s': '3', 'x-mbx-order-count-1m': '6', 'x-response-time': '0ms', 'Access-Control-Allow-Origin': '*', 'Access-Control-Allow-Methods': 'GET, POST, PUT, DELETE, OPTIONS'}, None) — position is OPEN without TP; retry required
Could not cancel open orders for ICXUSDT: 'UMFutures' object has no attribute 'cancel_all_open_orders' — manual cleanup may be required
set_margin_type(ICXUSDT, ISOLATED) raised: (400, -4046, 'No need to change margin type.', {'Date': 'Wed, 11 Mar 2026 08:17:50 GMT', 'Content-Type': 'application/json', 'Content-Length': '53', 'Connection': 'keep-alive', 'Server': 'Bengine', 'x-mbx-used-weight-1m': '110', 'x-response-time': '1ms', 'Access-Control-Allow-Origin': '*', 'Access-Control-Allow-Methods': 'GET, POST, PUT, DELETE, OPTIONS'}, None) — continuing
Failed to place stop-loss for ICXUSDT (SL=0.03979560): (400, -4120, 'Order type not supported for this endpoint. Please use the Algo Order API endpoints instead.', {'Date': 'Wed, 11 Mar 2026 08:17:51 GMT', 'Content-Type': 'application/json', 'Content-Length': '115', 'Connection': 'keep-alive', 'Server': 'Bengine', 'x-mbx-used-weight-1m': '-1', 'x-mbx-order-count-10s': '2', 'x-mbx-order-count-1m': '3', 'x-response-time': '0ms', 'Access-Control-Allow-Origin': '*', 'Access-Control-Allow-Methods': 'GET, POST, PUT, DELETE, OPTIONS'}, None) — position is OPEN without SL; retry required
Failed to place take-profit for ICXUSDT (TP=0.04336700): (400, -4120, 'Order type not supported for this endpoint. Please use the Algo Order API endpoints instead.', {'Date': 'Wed, 11 Mar 2026 08:17:51 GMT', 'Content-Type': 'application/json', 'Content-Length': '115', 'Connection': 'keep-alive', 'Server': 'Bengine', 'x-mbx-used-weight-1m': '-1', 'x-mbx-order-count-10s': '3', 'x-mbx-order-count-1m': '4', 'x-response-time': '0ms', 'Access-Control-Allow-Origin': '*', 'Access-Control-Allow-Methods': 'GET, POST, PUT, DELETE, OPTIONS'}, None) — position is OPEN without TP; retry required
WebSocket disconnected: no close frame received or sent. Reconnecting in 1.0s
WebSocket disconnected: no close frame received or sent. Reconnecting in 1.1s
Could not cancel open orders for ICXUSDT: 'UMFutures' object has no attribute 'cancel_all_open_orders' — manual cleanup may be required
Could not cancel open orders for ICXUSDT: 'UMFutures' object has no attribute 'cancel_all_open_orders' — manual cleanup may be required
set_margin_type(SLERFUSDT, ISOLATED) raised: (400, -4046, 'No need to change margin type.', {'Date': 'Wed, 11 Mar 2026 08:42:49 GMT', 'Content-Type': 'application/json', 'Content-Length': '53', 'Connection': 'keep-alive', 'Server': 'Bengine', 'x-mbx-used-weight-1m': '115', 'x-response-time': '1ms', 'Access-Control-Allow-Origin': '*', 'Access-Control-Allow-Methods': 'GET, POST, PUT, DELETE, OPTIONS'}, None) — continuing
Failed to place stop-loss for SLERFUSDT (SL=0.00435409): (400, -4120, 'Order type not supported for this endpoint. Please use the Algo Order API endpoints instead.', {'Date': 'Wed, 11 Mar 2026 08:42:50 GMT', 'Content-Type': 'application/json', 'Content-Length': '115', 'Connection': 'keep-alive', 'Server': 'Bengine', 'x-mbx-used-weight-1m': '-1', 'x-mbx-order-count-10s': '1', 'x-mbx-order-count-1m': '4', 'x-response-time': '0ms', 'Access-Control-Allow-Origin': '*', 'Access-Control-Allow-Methods': 'GET, POST, PUT, DELETE, OPTIONS'}, None) — position is OPEN without SL; retry required
Failed to place take-profit for SLERFUSDT (TP=0.00398239): (400, -4120, 'Order type not supported for this endpoint. Please use the Algo Order API endpoints instead.', {'Date': 'Wed, 11 Mar 2026 08:42:50 GMT', 'Content-Type': 'application/json', 'Content-Length': '115', 'Connection': 'keep-alive', 'Server': 'Bengine', 'x-mbx-used-weight-1m': '-1', 'x-mbx-order-count-10s': '2', 'x-mbx-order-count-1m': '5', 'x-response-time': '0ms', 'Access-Control-Allow-Origin': '*', 'Access-Control-Allow-Methods': 'GET, POST, PUT, DELETE, OPTIONS'}, None) — position is OPEN without TP; retry required
set_margin_type(ICXUSDT, ISOLATED) raised: (400, -4046, 'No need to change margin type.', {'Date': 'Wed, 11 Mar 2026 08:42:51 GMT', 'Content-Type': 'application/json', 'Content-Length': '53', 'Connection': 'keep-alive', 'Server': 'Bengine', 'x-mbx-used-weight-1m': '122', 'x-response-time': '1ms', 'Access-Control-Allow-Origin': '*', 'Access-Control-Allow-Methods': 'GET, POST, PUT, DELETE, OPTIONS'}, None) — continuing
Failed to place stop-loss for ICXUSDT (SL=0.03880500): (400, -4120, 'Order type not supported for this endpoint. Please use the Algo Order API endpoints instead.', {'Date': 'Wed, 11 Mar 2026 08:42:52 GMT', 'Content-Type': 'application/json', 'Content-Length': '115', 'Connection': 'keep-alive', 'Server': 'Bengine', 'x-mbx-used-weight-1m': '-1', 'x-mbx-order-count-10s': '4', 'x-mbx-order-count-1m': '7', 'x-response-time': '0ms', 'Access-Control-Allow-Origin': '*', 'Access-Control-Allow-Methods': 'GET, POST, PUT, DELETE, OPTIONS'}, None) — position is OPEN without SL; retry required
Failed to place take-profit for ICXUSDT (TP=0.04228750): (400, -4120, 'Order type not supported for this endpoint. Please use the Algo Order API endpoints instead.', {'Date': 'Wed, 11 Mar 2026 08:42:52 GMT', 'Content-Type': 'application/json', 'Content-Length': '115', 'Connection': 'keep-alive', 'Server': 'Bengine', 'x-mbx-used-weight-1m': '-1', 'x-mbx-order-count-10s': '5', 'x-mbx-order-count-1m': '8', 'x-response-time': '0ms', 'Access-Control-Allow-Origin': '*', 'Access-Control-Allow-Methods': 'GET, POST, PUT, DELETE, OPTIONS'}, None) — position is OPEN without TP; retry required
Could not cancel open orders for ICXUSDT: 'UMFutures' object has no attribute 'cancel_all_open_orders' — manual cleanup may be required
set_margin_type(SLERFUSDT, ISOLATED) raised: (400, -4046, 'No need to change margin type.', {'Date': 'Wed, 11 Mar 2026 08:46:02 GMT', 'Content-Type': 'application/json', 'Content-Length': '53', 'Connection': 'keep-alive', 'Server': 'Bengine', 'x-mbx-used-weight-1m': '2', 'x-response-time': '1ms', 'Access-Control-Allow-Origin': '*', 'Access-Control-Allow-Methods': 'GET, POST, PUT, DELETE, OPTIONS'}, None) — continuing
Failed to place stop-loss for SLERFUSDT (SL=0.00435013): (400, -4120, 'Order type not supported for this endpoint. Please use the Algo Order API endpoints instead.', {'Date': 'Wed, 11 Mar 2026 08:46:03 GMT', 'Content-Type': 'application/json', 'Content-Length': '115', 'Connection': 'keep-alive', 'Server': 'Bengine', 'x-mbx-used-weight-1m': '-1', 'x-mbx-order-count-10s': '2', 'x-mbx-order-count-1m': '2', 'x-response-time': '0ms', 'Access-Control-Allow-Origin': '*', 'Access-Control-Allow-Methods': 'GET, POST, PUT, DELETE, OPTIONS'}, None) — position is OPEN without SL; retry required
Failed to place take-profit for SLERFUSDT (TP=0.00397878): (400, -4120, 'Order type not supported for this endpoint. Please use the Algo Order API endpoints instead.', {'Date': 'Wed, 11 Mar 2026 08:46:03 GMT', 'Content-Type': 'application/json', 'Content-Length': '115', 'Connection': 'keep-alive', 'Server': 'Bengine', 'x-mbx-used-weight-1m': '-1', 'x-mbx-order-count-10s': '3', 'x-mbx-order-count-1m': '3', 'x-response-time': '0ms', 'Access-Control-Allow-Origin': '*', 'Access-Control-Allow-Methods': 'GET, POST, PUT, DELETE, OPTIONS'}, None) — position is OPEN without TP; retry required
WebSocket disconnected: no close frame received or sent. Reconnecting in 1.1s
WebSocket disconnected: no close frame received or sent. Reconnecting in 1.1s
